#
# A fatal error has been detected by the Java Runtime Environment:
#
#  SIGSEGV (0xb) at pc=0x00000001046b092b, pid=2795, tid=18691
#
# JRE version: Java(TM) SE Runtime Environment (7.0_71-b14) (build 1.7.0_71-b14)
# Java VM: Java HotSpot(TM) 64-Bit Server VM (24.71-b01 mixed mode bsd-amd64 compressed oops)
# Problematic frame:
# V  [libjvm.dylib+0x23592b]  PhaseIdealLoop::Dominators()+0x1ad
#
# Failed to write core dump. Core dumps have been disabled. To enable core dumping, try "ulimit -c unlimited" before starting Java again
#
# If you would like to submit a bug report, please visit:
#   http://bugreport.sun.com/bugreport/crash.jsp
#

---------------  T H R E A D  ---------------

Current thread (0x00007ff992852000):  JavaThread "C2 CompilerThread0" daemon [_thread_in_native, id=18691, stack(0x0000000116d3b000,0x0000000116e3b000)]

siginfo:si_signo=SIGSEGV: si_errno=0, si_code=1 (SEGV_MAPERR), si_addr=0x0000000000000010

Registers:
RAX=0x0000000000000000, RBX=0x000000000000000a, RCX=0x000000011799c1f0, RDX=0x000000011799c240
RSP=0x0000000116e34750, RBP=0x0000000116e34800, RSI=0x000000000000009e, RDI=0x00007ff993d27be8
R8 =0x000000011799c240, R9 =0x0000000000000000, R10=0x000000000000009c, R11=0x0000000000004ef0
R12=0x0000000117974010, R13=0x0000000116e3a0b8, R14=0x0000000116e35640, R15=0x0000000116e34790
RIP=0x00000001046b092b, EFLAGS=0x0000000000010206, ERR=0x0000000000000004
  TRAPNO=0x000000000000000e

Top of Stack: (sp=0x0000000116e34750)
0x0000000116e34750:   0000000000000805 0000000000000d3a
0x0000000116e34760:   00007ff997313810 0000000117974010
0x0000000116e34770:   000000011799c1f0 00007ff992d332a0
0x0000000116e34780:   00007ff992426710 0000000116e35640
0x0000000116e34790:   0000000104c7f690 00007ff992426710
0x0000000116e347a0:   0000000100000400 00007ff99334cd00
0x0000000116e347b0:   00007ff992426710 00007ff994657000
0x0000000116e347c0:   00007ff99466ab80 00007ff99466ab80
0x0000000116e347d0:   000000000021e530 0000000116e35640
0x0000000116e347e0:   00007ff993682410 0000000116e3a0b8
0x0000000116e347f0:   00007ff994804c20 0000000000000010
0x0000000116e34800:   0000000116e34b40 00000001048328c5
0x0000000116e34810:   00007ff9953fdab0 0000000116e349b8
0x0000000116e34820:   00007ff900000000 00007ff992426710
0x0000000116e34830:   0000000016e389e8 00007fff8e367f18
0x0000000116e34840:   0000000116e34890 00000000046b8720
0x0000000116e34850:   00000001184bf000 0000000104366280
0x0000000116e34860:   0000000000000000 0000000000000000
0x0000000116e34870:   0000000116e34a60 0000000000040010
0x0000000116e34880:   0000000104365000 0000000116e3a0b8
0x0000000116e34890:   0000000000000000 0000000000000000
0x0000000116e348a0:   0000000116e34990 00007fff8e3663a5
0x0000000116e348b0:   00007ff9946984d8 00007ff994698410
0x0000000116e348c0:   0000000000000000 00007ff992872108
0x0000000116e348d0:   00007ff994370000 0000000000000000
0x0000000116e348e0:   0000000116e393b0 0000000200881b00
0x0000000116e348f0:   0000000116e389e8 0000000116e3a0b8
0x0000000116e34900:   0000000000000000 00000001049d56f7
0x0000000116e34910:   00000001178cb000 0000000000000000
0x0000000116e34920:   0000000000000000 0000000104be0000
0x0000000116e34930:   00007ff992d72b00 000000011787c5c0
0x0000000116e34940:   0000000104365000 00007fff90a78e68 

Instructions: (pc=0x00000001046b092b)
0x00000001046b090b:   78 18 00 74 7c 31 db 89 db 48 8b 85 78 ff ff ff
0x00000001046b091b:   48 8b 40 08 48 8b 3c d8 48 85 ff 74 56 48 8b 07
0x00000001046b092b:   ff 50 10 84 c0 74 4c 48 8b 85 78 ff ff ff 48 8b
0x00000001046b093b:   40 08 48 8b 04 d8 8b 40 28 48 8b 8d 60 ff ff ff 

Register to memory mapping:

RAX=0x0000000000000000 is an unknown value
RBX=0x000000000000000a is an unknown value
RCX=0x000000011799c1f0 is an unknown value
RDX=0x000000011799c240 is an unknown value
RSP=0x0000000116e34750 is pointing into the stack for thread: 0x00007ff992852000
RBP=0x0000000116e34800 is pointing into the stack for thread: 0x00007ff992852000
RSI=0x000000000000009e is an unknown value
RDI=0x00007ff993d27be8 is an unknown value
R8 =0x000000011799c240 is an unknown value
R9 =0x0000000000000000 is an unknown value
R10=0x000000000000009c is an unknown value
R11=0x0000000000004ef0 is an unknown value
R12=0x0000000117974010 is an unknown value
R13=0x0000000116e3a0b8 is pointing into the stack for thread: 0x00007ff992852000
R14=0x0000000116e35640 is pointing into the stack for thread: 0x00007ff992852000
R15=0x0000000116e34790 is pointing into the stack for thread: 0x00007ff992852000


Stack: [0x0000000116d3b000,0x0000000116e3b000],  sp=0x0000000116e34750,  free space=997k
Native frames: (J=compiled Java code, j=interpreted, Vv=VM code, C=native code)
V  [libjvm.dylib+0x23592b]  PhaseIdealLoop::Dominators()+0x1ad
V  [libjvm.dylib+0x3b78c5]  PhaseIdealLoop::build_and_optimize(bool, bool)+0x3c5
V  [libjvm.dylib+0x1ba24e]  Compile::Optimize()+0x47e
V  [libjvm.dylib+0x1bcd08]  Compile::Compile(ciEnv*, C2Compiler*, ciMethod*, int, bool, bool)+0x882
V  [libjvm.dylib+0x166507]  C2Compiler::compile_method(ciEnv*, ciMethod*, int)+0x9d
V  [libjvm.dylib+0x1bfeae]  CompileBroker::invoke_compiler_on_method(CompileTask*)+0x3e0
V  [libjvm.dylib+0x1c1bf0]  CompileBroker::compiler_thread_loop()+0x12c
V  [libjvm.dylib+0x4f5f69]  JavaThread::thread_main_inner()+0x9b
V  [libjvm.dylib+0x4f7671]  JavaThread::run()+0x1a3
V  [libjvm.dylib+0x420e02]  java_start(Thread*)+0x126
C  [libsystem_pthread.dylib+0x32fc]  _pthread_body+0x83
C  [libsystem_pthread.dylib+0x3279]  _pthread_body+0x0
C  [libsystem_pthread.dylib+0x14b1]  thread_start+0xd


Current CompileTask:
C2:   1853  255             org.springframework.asm.ClassReader::readCode (3263 bytes)


---------------  P R O C E S S  ---------------

Java Threads: ( => current thread )
  0x00007ff992855000 JavaThread "Service Thread" daemon [_thread_blocked, id=19715, stack(0x0000000116f41000,0x0000000117041000)]
  0x00007ff992850800 JavaThread "C2 CompilerThread1" daemon [_thread_blocked, id=19203, stack(0x0000000116e3e000,0x0000000116f3e000)]
=>0x00007ff992852000 JavaThread "C2 CompilerThread0" daemon [_thread_in_native, id=18691, stack(0x0000000116d3b000,0x0000000116e3b000)]
  0x00007ff995017000 JavaThread "Signal Dispatcher" daemon [_thread_blocked, id=14615, stack(0x0000000116c38000,0x0000000116d38000)]
  0x00007ff994006000 JavaThread "Finalizer" daemon [_thread_blocked, id=13571, stack(0x00000001152e9000,0x00000001153e9000)]
  0x00007ff994005000 JavaThread "Reference Handler" daemon [_thread_blocked, id=13059, stack(0x00000001151e6000,0x00000001152e6000)]
  0x00007ff993007000 JavaThread "main" [_thread_in_vm, id=4867, stack(0x0000000104ef3000,0x0000000104ff3000)]

Other Threads:
  0x00007ff994002800 VMThread [stack: 0x00000001150e3000,0x00000001151e3000] [id=12547]
  0x00007ff99285e000 WatcherThread [stack: 0x0000000117044000,0x0000000117144000] [id=20227]

VM state:not at safepoint (normal execution)

VM Mutex/Monitor currently owned by a thread: None

Heap
 PSYoungGen      total 76800K, used 26930K [0x00000007aaa80000, 0x00000007b4080000, 0x0000000800000000)
  eden space 66048K, 27% used [0x00000007aaa80000,0x00000007abc44b98,0x00000007aeb00000)
  from space 10752K, 81% used [0x00000007af580000,0x00000007afe07e18,0x00000007b0000000)
  to   space 10752K, 0% used [0x00000007aeb00000,0x00000007aeb00000,0x00000007af580000)
 ParOldGen       total 174592K, used 80K [0x0000000700000000, 0x000000070aa80000, 0x00000007aaa80000)
  object space 174592K, 0% used [0x0000000700000000,0x0000000700014010,0x000000070aa80000)
 PSPermGen       total 21504K, used 14914K [0x00000006fae00000, 0x00000006fc300000, 0x0000000700000000)
  object space 21504K, 69% used [0x00000006fae00000,0x00000006fbc90a58,0x00000006fc300000)

Card table byte_map: [0x0000000109106000,0x0000000109930000] byte_map_base: 0x000000010592f000

Polling page: 0x0000000104ff5000

Code Cache  [0x0000000106046000, 0x00000001062b6000, 0x0000000109046000)
 total_blobs=554 nmethods=263 adapters=245 free_code_cache=47826Kb largest_free_block=48943424

Compilation events (10 events):
Event: 1,834 Thread 0x00007ff992850800  264             java.nio.HeapByteBuffer::getShort (18 bytes)
Event: 1,836 Thread 0x00007ff992850800 nmethod 264 0x00000001061780d0 code [0x0000000106178220, 0x0000000106178368]
Event: 1,836 Thread 0x00007ff992850800  265             java.nio.Bits::getShort (18 bytes)
Event: 1,837 Thread 0x00007ff992850800 nmethod 265 0x00000001061198d0 code [0x0000000106119a20, 0x0000000106119b48]
Event: 1,837 Thread 0x00007ff992850800  266             java.nio.Bits::getShortB (16 bytes)
Event: 1,838 Thread 0x00007ff992850800 nmethod 266 0x0000000106119550 code [0x00000001061196a0, 0x0000000106119798]
Event: 1,838 Thread 0x00007ff992850800  267             java.nio.Bits::makeShort (12 bytes)
Event: 1,838 Thread 0x00007ff992850800 nmethod 267 0x0000000106177e50 code [0x0000000106177f80, 0x0000000106177fd8]
Event: 1,845 Thread 0x00007ff992850800  268             java.util.HashMap::getEntry (86 bytes)
Event: 1,848 Thread 0x00007ff992850800 nmethod 268 0x0000000106118fd0 code [0x0000000106119140, 0x0000000106119388]

GC Heap History (4 events):
Event: 0,933 GC heap before
{Heap before GC invocations=1 (full 0):
 PSYoungGen      total 76800K, used 66048K [0x00000007aaa80000, 0x00000007b0000000, 0x0000000800000000)
  eden space 66048K, 100% used [0x00000007aaa80000,0x00000007aeb00000,0x00000007aeb00000)
  from space 10752K, 0% used [0x00000007af580000,0x00000007af580000,0x00000007b0000000)
  to   space 10752K, 0% used [0x00000007aeb00000,0x00000007aeb00000,0x00000007af580000)
 ParOldGen       total 174592K, used 0K [0x0000000700000000, 0x000000070aa80000, 0x00000007aaa80000)
  object space 174592K, 0% used [0x0000000700000000,0x0000000700000000,0x000000070aa80000)
 PSPermGen       total 21504K, used 11204K [0x00000006fae00000, 0x00000006fc300000, 0x0000000700000000)
  object space 21504K, 52% used [0x00000006fae00000,0x00000006fb8f1208,0x00000006fc300000)
Event: 0,942 GC heap after
Heap after GC invocations=1 (full 0):
 PSYoungGen      total 76800K, used 6989K [0x00000007aaa80000, 0x00000007b0000000, 0x0000000800000000)
  eden space 66048K, 0% used [0x00000007aaa80000,0x00000007aaa80000,0x00000007aeb00000)
  from space 10752K, 65% used [0x00000007aeb00000,0x00000007af1d3528,0x00000007af580000)
  to   space 10752K, 0% used [0x00000007af580000,0x00000007af580000,0x00000007b0000000)
 ParOldGen       total 174592K, used 72K [0x0000000700000000, 0x000000070aa80000, 0x00000007aaa80000)
  object space 174592K, 0% used [0x0000000700000000,0x0000000700012010,0x000000070aa80000)
 PSPermGen       total 21504K, used 11204K [0x00000006fae00000, 0x00000006fc300000, 0x0000000700000000)
  object space 21504K, 52% used [0x00000006fae00000,0x00000006fb8f1208,0x00000006fc300000)
}
Event: 1,667 GC heap before
{Heap before GC invocations=2 (full 0):
 PSYoungGen      total 76800K, used 73037K [0x00000007aaa80000, 0x00000007b0000000, 0x0000000800000000)
  eden space 66048K, 100% used [0x00000007aaa80000,0x00000007aeb00000,0x00000007aeb00000)
  from space 10752K, 65% used [0x00000007aeb00000,0x00000007af1d3528,0x00000007af580000)
  to   space 10752K, 0% used [0x00000007af580000,0x00000007af580000,0x00000007b0000000)
 ParOldGen       total 174592K, used 72K [0x0000000700000000, 0x000000070aa80000, 0x00000007aaa80000)
  object space 174592K, 0% used [0x0000000700000000,0x0000000700012010,0x000000070aa80000)
 PSPermGen       total 21504K, used 14123K [0x00000006fae00000, 0x00000006fc300000, 0x0000000700000000)
  object space 21504K, 65% used [0x00000006fae00000,0x00000006fbbcaf30,0x00000006fc300000)
Event: 1,677 GC heap after
Heap after GC invocations=2 (full 0):
 PSYoungGen      total 76800K, used 8735K [0x00000007aaa80000, 0x00000007b4080000, 0x0000000800000000)
  eden space 66048K, 0% used [0x00000007aaa80000,0x00000007aaa80000,0x00000007aeb00000)
  from space 10752K, 81% used [0x00000007af580000,0x00000007afe07e18,0x00000007b0000000)
  to   space 10752K, 0% used [0x00000007aeb00000,0x00000007aeb00000,0x00000007af580000)
 ParOldGen       total 174592K, used 80K [0x0000000700000000, 0x000000070aa80000, 0x00000007aaa80000)
  object space 174592K, 0% used [0x0000000700000000,0x0000000700014010,0x000000070aa80000)
 PSPermGen       total 21504K, used 14123K [0x00000006fae00000, 0x00000006fc300000, 0x0000000700000000)
  object space 21504K, 65% used [0x00000006fae00000,0x00000006fbbcaf30,0x00000006fc300000)
}

Deoptimization events (10 events):
Event: 1,629 Thread 0x00007ff993007000 Uncommon trap: reason=unreached action=reinterpret pc=0x0000000106111a10 method=java.util.HashMap.addEntry(ILjava/lang/Object;Ljava/lang/Object;I)V @ 35
Event: 1,659 Thread 0x00007ff993007000 Uncommon trap: reason=unreached action=reinterpret pc=0x00000001060cf650 method=java.util.HashMap.getEntry(Ljava/lang/Object;)Ljava/util/HashMap$Entry; @ 10
Event: 1,661 Thread 0x00007ff993007000 Uncommon trap: reason=class_check action=maybe_recompile pc=0x000000010616ef18 method=java.util.regex.Pattern$Curly.match0(Ljava/util/regex/Matcher;IILjava/lang/CharSequence;)Z @ 77
Event: 1,661 Thread 0x00007ff993007000 Uncommon trap: reason=bimorphic action=maybe_recompile pc=0x000000010616f21c method=java.util.regex.Pattern$Curly.match0(Ljava/util/regex/Matcher;IILjava/lang/CharSequence;)Z @ 170
Event: 1,662 Thread 0x00007ff993007000 Uncommon trap: reason=bimorphic action=maybe_recompile pc=0x000000010616f21c method=java.util.regex.Pattern$Curly.match0(Ljava/util/regex/Matcher;IILjava/lang/CharSequence;)Z @ 170
Event: 1,688 Thread 0x00007ff993007000 Uncommon trap: reason=array_check action=maybe_recompile pc=0x000000010616df40 method=java.util.AbstractCollection.toArray([Ljava/lang/Object;)[Ljava/lang/Object; @ 119
Event: 1,689 Thread 0x00007ff993007000 Uncommon trap: reason=array_check action=maybe_recompile pc=0x000000010616df40 method=java.util.AbstractCollection.toArray([Ljava/lang/Object;)[Ljava/lang/Object; @ 119
Event: 1,689 Thread 0x00007ff993007000 Uncommon trap: reason=array_check action=maybe_recompile pc=0x000000010616df40 method=java.util.AbstractCollection.toArray([Ljava/lang/Object;)[Ljava/lang/Object; @ 119
Event: 1,689 Thread 0x00007ff993007000 Uncommon trap: reason=array_check action=maybe_recompile pc=0x000000010616df40 method=java.util.AbstractCollection.toArray([Ljava/lang/Object;)[Ljava/lang/Object; @ 119
Event: 1,737 Thread 0x00007ff993007000 Uncommon trap: reason=class_check action=maybe_recompile pc=0x00000001061628dc method=org.springframework.asm.ClassReader.readMethod(Lorg/springframework/asm/ClassVisitor;Lorg/springframework/asm/Context;I)I @ 509

Internal exceptions (10 events):
Event: 1,844 Thread 0x00007ff993007000 Threw 0x00000007abacc7c8 at /HUDSON/workspace/7u-2-build-macosx-x86_64/jdk7u71/1605/hotspot/src/share/vm/prims/jvm.cpp:1281
Event: 1,844 Thread 0x00007ff993007000 Threw 0x00000007abadafd0 at /HUDSON/workspace/7u-2-build-macosx-x86_64/jdk7u71/1605/hotspot/src/share/vm/prims/jvm.cpp:1281
Event: 1,845 Thread 0x00007ff993007000 Threw 0x00000007abae3478 at /HUDSON/workspace/7u-2-build-macosx-x86_64/jdk7u71/1605/hotspot/src/share/vm/prims/jvm.cpp:1281
Event: 1,845 Thread 0x00007ff993007000 Threw 0x00000007abaeeca0 at /HUDSON/workspace/7u-2-build-macosx-x86_64/jdk7u71/1605/hotspot/src/share/vm/prims/jvm.cpp:1281
Event: 1,846 Thread 0x00007ff993007000 Threw 0x00000007abaf7080 at /HUDSON/workspace/7u-2-build-macosx-x86_64/jdk7u71/1605/hotspot/src/share/vm/prims/jvm.cpp:1281
Event: 1,846 Thread 0x00007ff993007000 Threw 0x00000007abaffc50 at /HUDSON/workspace/7u-2-build-macosx-x86_64/jdk7u71/1605/hotspot/src/share/vm/prims/jvm.cpp:1281
Event: 1,846 Thread 0x00007ff993007000 Threw 0x00000007abb0b268 at /HUDSON/workspace/7u-2-build-macosx-x86_64/jdk7u71/1605/hotspot/src/share/vm/prims/jvm.cpp:1281
Event: 1,847 Thread 0x00007ff993007000 Threw 0x00000007abb17280 at /HUDSON/workspace/7u-2-build-macosx-x86_64/jdk7u71/1605/hotspot/src/share/vm/prims/jvm.cpp:1281
Event: 1,847 Thread 0x00007ff993007000 Threw 0x00000007abb1beb0 at /HUDSON/workspace/7u-2-build-macosx-x86_64/jdk7u71/1605/hotspot/src/share/vm/prims/jvm.cpp:1281
Event: 1,848 Thread 0x00007ff993007000 Threw 0x00000007abb21a58 at /HUDSON/workspace/7u-2-build-macosx-x86_64/jdk7u71/1605/hotspot/src/share/vm/prims/jvm.cpp:1281

Events (10 events):
Event: 1,846 loading class 0x00007ff9925859d0
Event: 1,846 loading class 0x00007ff9925859d0 done
Event: 1,847 loading class 0x00007ff994884bd0
Event: 1,847 loading class 0x00007ff994884bd0 done
Event: 1,847 loading class 0x00007ff9948833b0
Event: 1,847 loading class 0x00007ff9948833b0 done
Event: 1,847 loading class 0x00007ff994884580
Event: 1,847 loading class 0x00007ff994884580 done
Event: 1,850 loading class 0x00007ff994869ba0
Event: 1,850 loading class 0x00007ff994869ba0 done


Dynamic libraries:
0x000000000b4dd000 	/System/Library/Frameworks/Cocoa.framework/Versions/A/Cocoa
0x000000000b4dd000 	/System/Library/Frameworks/Security.framework/Versions/A/Security
0x000000000b4dd000 	/System/Library/Frameworks/ApplicationServices.framework/Versions/A/ApplicationServices
0x000000000b4dd000 	/usr/lib/libz.1.dylib
0x000000000b4dd000 	/usr/lib/libSystem.B.dylib
0x000000000b4dd000 	/usr/lib/libobjc.A.dylib
0x000000000b4dd000 	/System/Library/Frameworks/CoreFoundation.framework/Versions/A/CoreFoundation
0x000000000b4dd000 	/System/Library/Frameworks/Foundation.framework/Versions/C/Foundation
0x000000000b4dd000 	/System/Library/Frameworks/AppKit.framework/Versions/C/AppKit
0x000000000b4dd000 	/System/Library/Frameworks/CoreData.framework/Versions/A/CoreData
0x000000000b4dd000 	/System/Library/PrivateFrameworks/RemoteViewServices.framework/Versions/A/RemoteViewServices
0x000000000b4dd000 	/System/Library/PrivateFrameworks/UIFoundation.framework/Versions/A/UIFoundation
0x000000000b4dd000 	/System/Library/Frameworks/IOSurface.framework/Versions/A/IOSurface
0x000000000b4dd000 	/System/Library/Frameworks/AudioToolbox.framework/Versions/A/AudioToolbox
0x000000000b4dd000 	/System/Library/Frameworks/AudioUnit.framework/Versions/A/AudioUnit
0x000000000b4dd000 	/System/Library/PrivateFrameworks/DataDetectorsCore.framework/Versions/A/DataDetectorsCore
0x000000000b4dd000 	/System/Library/PrivateFrameworks/DesktopServicesPriv.framework/Versions/A/DesktopServicesPriv
0x000000000b4dd000 	/System/Library/Frameworks/Carbon.framework/Versions/A/Frameworks/HIToolbox.framework/Versions/A/HIToolbox
0x000000000b4dd000 	/System/Library/Frameworks/QuartzCore.framework/Versions/A/QuartzCore
0x000000000b4dd000 	/System/Library/Frameworks/Carbon.framework/Versions/A/Frameworks/SpeechRecognition.framework/Versions/A/SpeechRecognition
0x000000000b4dd000 	/usr/lib/libauto.dylib
0x000000000b4dd000 	/usr/lib/libicucore.A.dylib
0x000000000b4dd000 	/usr/lib/libxml2.2.dylib
0x000000000b4dd000 	/System/Library/PrivateFrameworks/CoreUI.framework/Versions/A/CoreUI
0x000000000b4dd000 	/System/Library/Frameworks/CoreAudio.framework/Versions/A/CoreAudio
0x000000000b4dd000 	/System/Library/Frameworks/DiskArbitration.framework/Versions/A/DiskArbitration
0x000000000b4dd000 	/usr/lib/liblangid.dylib
0x000000000b4dd000 	/System/Library/PrivateFrameworks/MultitouchSupport.framework/Versions/A/MultitouchSupport
0x000000000b4dd000 	/System/Library/Frameworks/IOKit.framework/Versions/A/IOKit
0x000000000b4dd000 	/usr/lib/libDiagnosticMessagesClient.dylib
0x000000000b4dd000 	/System/Library/Frameworks/CoreServices.framework/Versions/A/CoreServices
0x000000000b4dd000 	/System/Library/PrivateFrameworks/PerformanceAnalysis.framework/Versions/A/PerformanceAnalysis
0x000000000b4dd000 	/System/Library/PrivateFrameworks/GenerationalStorage.framework/Versions/A/GenerationalStorage
0x000000000b4dd000 	/System/Library/Frameworks/OpenGL.framework/Versions/A/OpenGL
0x000000000b4dd000 	/System/Library/PrivateFrameworks/Sharing.framework/Versions/A/Sharing
0x000000000b4dd000 	/System/Library/Frameworks/CoreGraphics.framework/Versions/A/CoreGraphics
0x000000000b4dd000 	/System/Library/Frameworks/CoreText.framework/Versions/A/CoreText
0x000000000b4dd000 	/System/Library/Frameworks/ImageIO.framework/Versions/A/ImageIO
0x000000000b4dd000 	/usr/lib/libextension.dylib
0x000000000b4dd000 	/System/Library/PrivateFrameworks/Backup.framework/Versions/A/Backup
0x000000000b4dd000 	/usr/lib/libarchive.2.dylib
0x000000000b4dd000 	/System/Library/Frameworks/CFNetwork.framework/Versions/A/CFNetwork
0x000000000b4dd000 	/System/Library/Frameworks/SystemConfiguration.framework/Versions/A/SystemConfiguration
0x000000000b4dd000 	/usr/lib/libCRFSuite.dylib
0x000000000b4dd000 	/usr/lib/libc++.1.dylib
0x000000000b4dd000 	/usr/lib/libc++abi.dylib
0x000000000b4dd000 	/usr/lib/system/libcache.dylib
0x000000000b4dd000 	/usr/lib/system/libcommonCrypto.dylib
0x000000000b4dd000 	/usr/lib/system/libcompiler_rt.dylib
0x000000000b4dd000 	/usr/lib/system/libcopyfile.dylib
0x000000000b4dd000 	/usr/lib/system/libcorecrypto.dylib
0x000000000b4dd000 	/usr/lib/system/libdispatch.dylib
0x000000000b4dd000 	/usr/lib/system/libdyld.dylib
0x000000000b4dd000 	/usr/lib/system/libkeymgr.dylib
0x000000000b4dd000 	/usr/lib/system/liblaunch.dylib
0x000000000b4dd000 	/usr/lib/system/libmacho.dylib
0x000000000b4dd000 	/usr/lib/system/libquarantine.dylib
0x000000000b4dd000 	/usr/lib/system/libremovefile.dylib
0x000000000b4dd000 	/usr/lib/system/libsystem_asl.dylib
0x000000000b4dd000 	/usr/lib/system/libsystem_blocks.dylib
0x000000000b4dd000 	/usr/lib/system/libsystem_c.dylib
0x000000000b4dd000 	/usr/lib/system/libsystem_configuration.dylib
0x000000000b4dd000 	/usr/lib/system/libsystem_coreservices.dylib
0x000000000b4dd000 	/usr/lib/system/libsystem_coretls.dylib
0x000000000b4dd000 	/usr/lib/system/libsystem_dnssd.dylib
0x000000000b4dd000 	/usr/lib/system/libsystem_info.dylib
0x000000000b4dd000 	/usr/lib/system/libsystem_kernel.dylib
0x000000000b4dd000 	/usr/lib/system/libsystem_m.dylib
0x000000000b4dd000 	/usr/lib/system/libsystem_malloc.dylib
0x000000000b4dd000 	/usr/lib/system/libsystem_network.dylib
0x000000000b4dd000 	/usr/lib/system/libsystem_networkextension.dylib
0x000000000b4dd000 	/usr/lib/system/libsystem_notify.dylib
0x000000000b4dd000 	/usr/lib/system/libsystem_platform.dylib
0x000000000b4dd000 	/usr/lib/system/libsystem_pthread.dylib
0x000000000b4dd000 	/usr/lib/system/libsystem_sandbox.dylib
0x000000000b4dd000 	/usr/lib/system/libsystem_secinit.dylib
0x000000000b4dd000 	/usr/lib/system/libsystem_stats.dylib
0x000000000b4dd000 	/usr/lib/system/libsystem_trace.dylib
0x000000000b4dd000 	/usr/lib/system/libunc.dylib
0x000000000b4dd000 	/usr/lib/system/libunwind.dylib
0x000000000b4dd000 	/usr/lib/system/libxpc.dylib
0x000000000b4dd000 	/usr/lib/libbz2.1.0.dylib
0x000000000b4dd000 	/usr/lib/liblzma.5.dylib
0x000000000b4dd000 	/usr/lib/libbsm.0.dylib
0x000000000b4dd000 	/usr/lib/libsqlite3.dylib
0x000000000b4dd000 	/usr/lib/system/libkxld.dylib
0x000000000b4dd000 	/usr/lib/libxar.1.dylib
0x000000000b4dd000 	/usr/lib/libpam.2.dylib
0x000000000b4dd000 	/usr/lib/libOpenScriptingUtil.dylib
0x000000000b4dd000 	/System/Library/Frameworks/CoreServices.framework/Versions/A/Frameworks/FSEvents.framework/Versions/A/FSEvents
0x000000000b4dd000 	/System/Library/Frameworks/CoreServices.framework/Versions/A/Frameworks/CarbonCore.framework/Versions/A/CarbonCore
0x000000000b4dd000 	/System/Library/Frameworks/CoreServices.framework/Versions/A/Frameworks/Metadata.framework/Versions/A/Metadata
0x000000000b4dd000 	/System/Library/Frameworks/CoreServices.framework/Versions/A/Frameworks/OSServices.framework/Versions/A/OSServices
0x000000000b4dd000 	/System/Library/Frameworks/CoreServices.framework/Versions/A/Frameworks/SearchKit.framework/Versions/A/SearchKit
0x000000000b4dd000 	/System/Library/Frameworks/CoreServices.framework/Versions/A/Frameworks/AE.framework/Versions/A/AE
0x000000000b4dd000 	/System/Library/Frameworks/CoreServices.framework/Versions/A/Frameworks/LaunchServices.framework/Versions/A/LaunchServices
0x000000000b4dd000 	/System/Library/Frameworks/CoreServices.framework/Versions/A/Frameworks/DictionaryServices.framework/Versions/A/DictionaryServices
0x000000000b4dd000 	/System/Library/Frameworks/NetFS.framework/Versions/A/NetFS
0x000000000b4dd000 	/System/Library/PrivateFrameworks/NetAuth.framework/Versions/A/NetAuth
0x000000000b4dd000 	/System/Library/PrivateFrameworks/login.framework/Versions/A/Frameworks/loginsupport.framework/Versions/A/loginsupport
0x000000000b4dd000 	/System/Library/PrivateFrameworks/TCC.framework/Versions/A/TCC
0x000000000b4dd000 	/usr/lib/libmecabra.dylib
0x000000000b4dd000 	/System/Library/PrivateFrameworks/LanguageModeling.framework/Versions/A/LanguageModeling
0x000000000b4dd000 	/usr/lib/libcmph.dylib
0x000000000b4dd000 	/usr/lib/libiconv.2.dylib
0x000000000b4dd000 	/System/Library/Frameworks/OpenDirectory.framework/Versions/A/Frameworks/CFOpenDirectory.framework/Versions/A/CFOpenDirectory
0x000000000b4dd000 	/System/Library/Frameworks/ServiceManagement.framework/Versions/A/ServiceManagement
0x000000000b4dd000 	/usr/lib/libxslt.1.dylib
0x000000000b4dd000 	/System/Library/Frameworks/Carbon.framework/Versions/A/Frameworks/Ink.framework/Versions/A/Ink
0x000000000b4dd000 	/System/Library/Frameworks/ApplicationServices.framework/Versions/A/Frameworks/ATS.framework/Versions/A/ATS
0x000000000b4dd000 	/System/Library/Frameworks/ApplicationServices.framework/Versions/A/Frameworks/ColorSync.framework/Versions/A/ColorSync
0x000000000b4dd000 	/System/Library/Frameworks/ApplicationServices.framework/Versions/A/Frameworks/HIServices.framework/Versions/A/HIServices
0x000000000b4dd000 	/System/Library/Frameworks/ApplicationServices.framework/Versions/A/Frameworks/LangAnalysis.framework/Versions/A/LangAnalysis
0x000000000b4dd000 	/System/Library/Frameworks/ApplicationServices.framework/Versions/A/Frameworks/PrintCore.framework/Versions/A/PrintCore
0x000000000b4dd000 	/System/Library/Frameworks/ApplicationServices.framework/Versions/A/Frameworks/QD.framework/Versions/A/QD
0x000000000b4dd000 	/System/Library/Frameworks/ApplicationServices.framework/Versions/A/Frameworks/SpeechSynthesis.framework/Versions/A/SpeechSynthesis
0x000000000b4dd000 	/System/Library/Frameworks/Accelerate.framework/Versions/A/Accelerate
0x000000000b4dd000 	/System/Library/Frameworks/Accelerate.framework/Versions/A/Frameworks/vImage.framework/Versions/A/vImage
0x000000000b4dd000 	/System/Library/Frameworks/Accelerate.framework/Versions/A/Frameworks/vecLib.framework/Versions/A/vecLib
0x000000000b4dd000 	/System/Library/Frameworks/Accelerate.framework/Versions/A/Frameworks/vecLib.framework/Versions/A/libvDSP.dylib
0x000000000b4dd000 	/System/Library/Frameworks/Accelerate.framework/Versions/A/Frameworks/vecLib.framework/Versions/A/libvMisc.dylib
0x000000000b4dd000 	/System/Library/Frameworks/Accelerate.framework/Versions/A/Frameworks/vecLib.framework/Versions/A/libLAPACK.dylib
0x000000000b4dd000 	/System/Library/Frameworks/Accelerate.framework/Versions/A/Frameworks/vecLib.framework/Versions/A/libBLAS.dylib
0x000000000b4dd000 	/System/Library/Frameworks/Accelerate.framework/Versions/A/Frameworks/vecLib.framework/Versions/A/libLinearAlgebra.dylib
0x000000000b4dd000 	/System/Library/Frameworks/ApplicationServices.framework/Versions/A/Frameworks/ATS.framework/Versions/A/Resources/libFontParser.dylib
0x000000000b4dd000 	/System/Library/Frameworks/ApplicationServices.framework/Versions/A/Frameworks/ATS.framework/Versions/A/Resources/libFontRegistry.dylib
0x000000000b4dd000 	/System/Library/PrivateFrameworks/AppleVPA.framework/Versions/A/AppleVPA
0x000000000b4dd000 	/System/Library/PrivateFrameworks/AppleJPEG.framework/Versions/A/AppleJPEG
0x000000000b4dd000 	/System/Library/Frameworks/ImageIO.framework/Versions/A/Resources/libJPEG.dylib
0x000000000b4dd000 	/System/Library/Frameworks/ImageIO.framework/Versions/A/Resources/libTIFF.dylib
0x000000000b4dd000 	/System/Library/Frameworks/ImageIO.framework/Versions/A/Resources/libPng.dylib
0x000000000b4dd000 	/System/Library/Frameworks/ImageIO.framework/Versions/A/Resources/libGIF.dylib
0x000000000b4dd000 	/System/Library/Frameworks/ImageIO.framework/Versions/A/Resources/libJP2.dylib
0x000000000b4dd000 	/System/Library/Frameworks/ImageIO.framework/Versions/A/Resources/libRadiance.dylib
0x000000000b4dd000 	/System/Library/Frameworks/CoreVideo.framework/Versions/A/CoreVideo
0x000000000b4dd000 	/System/Library/Frameworks/OpenGL.framework/Versions/A/Libraries/libGLU.dylib
0x000000000b4dd000 	/System/Library/Frameworks/OpenGL.framework/Versions/A/Libraries/libGFXShared.dylib
0x000000000b4dd000 	/System/Library/Frameworks/OpenGL.framework/Versions/A/Libraries/libGL.dylib
0x000000000b4dd000 	/System/Library/Frameworks/OpenGL.framework/Versions/A/Libraries/libGLImage.dylib
0x000000000b4dd000 	/System/Library/Frameworks/OpenGL.framework/Versions/A/Libraries/libCVMSPluginSupport.dylib
0x000000000b4dd000 	/System/Library/Frameworks/OpenGL.framework/Versions/A/Libraries/libCoreVMClient.dylib
0x000000000b4dd000 	/usr/lib/libcups.2.dylib
0x000000000b4dd000 	/System/Library/Frameworks/Kerberos.framework/Versions/A/Kerberos
0x000000000b4dd000 	/System/Library/Frameworks/GSS.framework/Versions/A/GSS
0x000000000b4dd000 	/usr/lib/libresolv.9.dylib
0x000000000b4dd000 	/System/Library/PrivateFrameworks/Heimdal.framework/Versions/A/Heimdal
0x000000000b4dd000 	/usr/lib/libheimdal-asn1.dylib
0x000000000b4dd000 	/System/Library/Frameworks/OpenDirectory.framework/Versions/A/OpenDirectory
0x000000000b4dd000 	/System/Library/PrivateFrameworks/CommonAuth.framework/Versions/A/CommonAuth
0x000000000b4dd000 	/System/Library/Frameworks/SecurityFoundation.framework/Versions/A/SecurityFoundation
0x000000000b4dd000 	/System/Library/Frameworks/QuartzCore.framework/Versions/A/Frameworks/CoreImage.framework/Versions/A/CoreImage
0x000000000b4dd000 	/System/Library/PrivateFrameworks/CrashReporterSupport.framework/Versions/A/CrashReporterSupport
0x000000000b4dd000 	/System/Library/Frameworks/OpenCL.framework/Versions/A/OpenCL
0x000000000b4dd000 	/System/Library/PrivateFrameworks/FaceCore.framework/Versions/A/FaceCore
0x000000000b4dd000 	/System/Library/PrivateFrameworks/Ubiquity.framework/Versions/A/Ubiquity
0x000000000b4dd000 	/System/Library/PrivateFrameworks/IconServices.framework/Versions/A/IconServices
0x000000000b4dd000 	/System/Library/PrivateFrameworks/ChunkingLibrary.framework/Versions/A/ChunkingLibrary
0x000000000b4dd000 	/System/Library/PrivateFrameworks/Apple80211.framework/Versions/A/Apple80211
0x000000000b4dd000 	/System/Library/Frameworks/CoreWLAN.framework/Versions/A/CoreWLAN
0x000000000b4dd000 	/System/Library/Frameworks/IOBluetooth.framework/Versions/A/IOBluetooth
0x000000000b4dd000 	/System/Library/PrivateFrameworks/CoreWiFi.framework/Versions/A/CoreWiFi
0x000000000b4dd000 	/System/Library/Frameworks/CoreBluetooth.framework/Versions/A/CoreBluetooth
0x000000000b4dd000 	/System/Library/PrivateFrameworks/DebugSymbols.framework/Versions/A/DebugSymbols
0x000000000b4dd000 	/System/Library/PrivateFrameworks/CoreSymbolication.framework/Versions/A/CoreSymbolication
0x000000000b4dd000 	/System/Library/PrivateFrameworks/Symbolication.framework/Versions/A/Symbolication
0x000000000b4dd000 	/System/Library/PrivateFrameworks/SpeechRecognitionCore.framework/Versions/A/SpeechRecognitionCore
0x000000010447b000 	/Library/Java/JavaVirtualMachines/jdk1.7.0_71.jdk/Contents/Home/jre/lib/server/libjvm.dylib
0x000000000b4dd000 	/usr/lib/libstdc++.6.dylib
0x0000000106000000 	/Library/Java/JavaVirtualMachines/jdk1.7.0_71.jdk/Contents/Home/jre/lib/libverify.dylib
0x000000010600d000 	/Library/Java/JavaVirtualMachines/jdk1.7.0_71.jdk/Contents/Home/jre/lib/libjava.dylib
0x000000010603d000 	/Library/Java/JavaVirtualMachines/jdk1.7.0_71.jdk/Contents/Home/jre/lib/libzip.dylib
0x00000001153eb000 	/System/Library/Frameworks/JavaVM.framework/Frameworks/JavaRuntimeSupport.framework/JavaRuntimeSupport
0x0000000115401000 	/System/Library/Frameworks/JavaVM.framework/Versions/A/Frameworks/JavaNativeFoundation.framework/Versions/A/JavaNativeFoundation
0x0000000115415000 	/System/Library/Frameworks/JavaVM.framework/Versions/A/JavaVM
0x000000000b4dd000 	/System/Library/Frameworks/Carbon.framework/Versions/A/Carbon
0x0000000115421000 	/System/Library/PrivateFrameworks/JavaLaunching.framework/Versions/A/JavaLaunching
0x000000000b4dd000 	/System/Library/Frameworks/Carbon.framework/Versions/A/Frameworks/CommonPanels.framework/Versions/A/CommonPanels
0x000000000b4dd000 	/System/Library/Frameworks/Carbon.framework/Versions/A/Frameworks/Help.framework/Versions/A/Help
0x000000000b4dd000 	/System/Library/Frameworks/Carbon.framework/Versions/A/Frameworks/ImageCapture.framework/Versions/A/ImageCapture
0x000000000b4dd000 	/System/Library/Frameworks/Carbon.framework/Versions/A/Frameworks/OpenScripting.framework/Versions/A/OpenScripting
0x000000000b4dd000 	/System/Library/Frameworks/Carbon.framework/Versions/A/Frameworks/Print.framework/Versions/A/Print
0x000000000b4dd000 	/System/Library/Frameworks/Carbon.framework/Versions/A/Frameworks/SecurityHI.framework/Versions/A/SecurityHI
0x0000000117b48000 	/Library/Java/JavaVirtualMachines/jdk1.7.0_71.jdk/Contents/Home/jre/lib/libnio.dylib
0x0000000117b57000 	/Library/Java/JavaVirtualMachines/jdk1.7.0_71.jdk/Contents/Home/jre/lib/./libnet.dylib

VM Arguments:
java_command: /Users/lucboutier/Documents/workspace-fc/alien4cloud/alien4cloud-rest-api/target/surefire/surefirebooter7790463951330826389.jar /Users/lucboutier/Documents/workspace-fc/alien4cloud/alien4cloud-rest-api/target/surefire/surefire7707680272021743523tmp /Users/lucboutier/Documents/workspace-fc/alien4cloud/alien4cloud-rest-api/target/surefire/surefire_31839395659586588801tmp
Launcher Type: SUN_STANDARD

Environment Variables:
JAVA_HOME=/Library/Java/JavaVirtualMachines/jdk1.7.0_71.jdk/Contents/Home
PATH=/usr/local/bin:/usr/local/heroku/bin:/Developer/usr/bin:/Library/Frameworks/Python.framework/Versions/2.7/bin:/usr/bin:/bin:/usr/sbin:/sbin:/usr/local/bin:/opt/X11/bin
SHELL=/bin/bash
DISPLAY=/private/tmp/com.apple.launchd.CAh6FY0WS2/org.macosforge.xquartz:0

Signal Handlers:
SIGSEGV: [libjvm.dylib+0x52c49d], sa_mask[0]=0xfffefeff, sa_flags=0x00000043
SIGBUS: [libjvm.dylib+0x52c49d], sa_mask[0]=0xfffefeff, sa_flags=0x00000042
SIGFPE: [libjvm.dylib+0x41e53a], sa_mask[0]=0xfffefeff, sa_flags=0x00000042
SIGPIPE: [libjvm.dylib+0x41e53a], sa_mask[0]=0xfffefeff, sa_flags=0x00000042
SIGXFSZ: [libjvm.dylib+0x41e53a], sa_mask[0]=0xfffefeff, sa_flags=0x00000042
SIGILL: [libjvm.dylib+0x41e53a], sa_mask[0]=0xfffefeff, sa_flags=0x00000042
SIGUSR1: SIG_DFL, sa_mask[0]=0x63807efb, sa_flags=0x00000000
SIGUSR2: [libjvm.dylib+0x41e02c], sa_mask[0]=0x00000004, sa_flags=0x00000042
SIGHUP: [libjvm.dylib+0x41c2bd], sa_mask[0]=0xfffefeff, sa_flags=0x00000042
SIGINT: [libjvm.dylib+0x41c2bd], sa_mask[0]=0xfffefeff, sa_flags=0x00000042
SIGTERM: [libjvm.dylib+0x41c2bd], sa_mask[0]=0xfffefeff, sa_flags=0x00000042
SIGQUIT: [libjvm.dylib+0x41c2bd], sa_mask[0]=0xfffefeff, sa_flags=0x00000042


---------------  S Y S T E M  ---------------

OS:Bsduname:Darwin 14.0.0 Darwin Kernel Version 14.0.0: Fri Sep 19 00:26:44 PDT 2014; root:xnu-2782.1.97~2/RELEASE_X86_64 x86_64
rlimit: STACK 8192k, CORE 0k, NPROC 709, NOFILE 10240, AS infinity
load average:3,32 2,81 2,54

CPU:total 8 (4 cores per cpu, 2 threads per core) family 6 model 42 stepping 7, cmov, cx8, fxsr, mmx, sse, sse2, sse3, ssse3, sse4.1, sse4.2, popcnt, avx, aes, ht, tsc, tscinvbit

Memory: 4k page, physical 16777216k(4194304k free)

/proc/meminfo:


vm_info: Java HotSpot(TM) 64-Bit Server VM (24.71-b01) for bsd-amd64 JRE (1.7.0_71-b14), built on Sep 26 2014 16:11:44 by "java_re" with gcc 4.2.1 (Based on Apple Inc. build 5658) (LLVM build 2336.11.00)

time: Thu Nov 20 17:53:56 2014
elapsed time: 1 seconds

